[27-Mar-2020 12:31:54 UTC] PHP Fatal error:  Uncaught PhpOffice\PhpSpreadsheet\Writer\Exception: File zip://C:\Users\User\Documents\beru.ltplk.ru\files\21616127-catalog-25-03-2020_с рекомдациями (2).xlsm#xl/media/image1.png does not exist in C:\Users\User\Documents\beru.ltplk.ru\vendor\phpoffice\phpspreadsheet\src\PhpSpreadsheet\Writer\Xlsx\ContentTypes.php:203
Stack trace:
#0 C:\Users\User\Documents\beru.ltplk.ru\vendor\phpoffice\phpspreadsheet\src\PhpSpreadsheet\Writer\Xlsx\ContentTypes.php(129): PhpOffice\PhpSpreadsheet\Writer\Xlsx\ContentTypes->getImageMimeType('zip://C:\\Users\\...')
#1 C:\Users\User\Documents\beru.ltplk.ru\vendor\phpoffice\phpspreadsheet\src\PhpSpreadsheet\Writer\Xlsx.php(223): PhpOffice\PhpSpreadsheet\Writer\Xlsx\ContentTypes->writeContentTypes(Object(PhpOffice\PhpSpreadsheet\Spreadsheet), false)
#2 C:\Users\User\Documents\beru.ltplk.ru\stockXLSParse.php(107): PhpOffice\PhpSpreadsheet\Writer\Xlsx->save('files/21616127-...')
#3 C:\Users\User\Documents\beru.ltplk.ru\stockXLSParse.php(37): processFile('21616127-catalo.. in C:\Users\User\Documents\beru.ltplk.ru\vendor\phpoffice\phpspreadsheet\src\PhpSpreadsheet\Writer\Xlsx\ContentTypes.php on line 203
[27-Mar-2020 12:33:08 UTC] PHP Fatal error:  Uncaught PhpOffice\PhpSpreadsheet\Writer\Exception: File zip://C:\Users\User\Documents\beru.ltplk.ru\files\21616127-catalog-25-03-2020_с рекомдациями.xlsm#xl/media/image1.png does not exist in C:\Users\User\Documents\beru.ltplk.ru\vendor\phpoffice\phpspreadsheet\src\PhpSpreadsheet\Writer\Xlsx\ContentTypes.php:203
Stack trace:
#0 C:\Users\User\Documents\beru.ltplk.ru\vendor\phpoffice\phpspreadsheet\src\PhpSpreadsheet\Writer\Xlsx\ContentTypes.php(129): PhpOffice\PhpSpreadsheet\Writer\Xlsx\ContentTypes->getImageMimeType('zip://C:\\Users\\...')
#1 C:\Users\User\Documents\beru.ltplk.ru\vendor\phpoffice\phpspreadsheet\src\PhpSpreadsheet\Writer\Xlsx.php(223): PhpOffice\PhpSpreadsheet\Writer\Xlsx\ContentTypes->writeContentTypes(Object(PhpOffice\PhpSpreadsheet\Spreadsheet), false)
#2 C:\Users\User\Documents\beru.ltplk.ru\stockXLSParse.php(107): PhpOffice\PhpSpreadsheet\Writer\Xlsx->save('files/21616127-...')
#3 C:\Users\User\Documents\beru.ltplk.ru\stockXLSParse.php(37): processFile('21616127-catalo...')
 in C:\Users\User\Documents\beru.ltplk.ru\vendor\phpoffice\phpspreadsheet\src\PhpSpreadsheet\Writer\Xlsx\ContentTypes.php on line 203
[27-Mar-2020 12:35:39 UTC] PHP Fatal error:  Uncaught PhpOffice\PhpSpreadsheet\Writer\Exception: File zip://C:\Users\User\Documents\beru.ltplk.ru\files\21616127-catalog-25-03-2020_с рекомдациями.xlsm#xl/media/image1.png does not exist in C:\Users\User\Documents\beru.ltplk.ru\vendor\phpoffice\phpspreadsheet\src\PhpSpreadsheet\Writer\Xlsx\ContentTypes.php:203
Stack trace:
#0 C:\Users\User\Documents\beru.ltplk.ru\vendor\phpoffice\phpspreadsheet\src\PhpSpreadsheet\Writer\Xlsx\ContentTypes.php(129): PhpOffice\PhpSpreadsheet\Writer\Xlsx\ContentTypes->getImageMimeType('zip://C:\\Users\\...')
#1 C:\Users\User\Documents\beru.ltplk.ru\vendor\phpoffice\phpspreadsheet\src\PhpSpreadsheet\Writer\Xlsx.php(223): PhpOffice\PhpSpreadsheet\Writer\Xlsx\ContentTypes->writeContentTypes(Object(PhpOffice\PhpSpreadsheet\Spreadsheet), false)
#2 C:\Users\User\Documents\beru.ltplk.ru\stockXLSParse.php(107): PhpOffice\PhpSpreadsheet\Writer\Xlsx->save('./files/2161612...')
#3 C:\Users\User\Documents\beru.ltplk.ru\stockXLSParse.php(37): processFile('21616127-catalo...')
 in C:\Users\User\Documents\beru.ltplk.ru\vendor\phpoffice\phpspreadsheet\src\PhpSpreadsheet\Writer\Xlsx\ContentTypes.php on line 203
[27-Mar-2020 12:47:16 UTC] PHP Warning:  ZipArchive::close(): Failure to create temporary file: No error in C:\Users\User\Documents\beru.ltplk.ru\vendor\phpoffice\phpspreadsheet\src\PhpSpreadsheet\Writer\Xlsx.php on line 409
[27-Mar-2020 12:47:16 UTC] PHP Fatal error:  Uncaught PhpOffice\PhpSpreadsheet\Writer\Exception: Could not close zip file /files/21616127-catalog-25-03-2020_с рекомдациями.xlsm. in C:\Users\User\Documents\beru.ltplk.ru\vendor\phpoffice\phpspreadsheet\src\PhpSpreadsheet\Writer\Xlsx.php:410
Stack trace:
#0 C:\Users\User\Documents\beru.ltplk.ru\stockXLSParse.php(107): PhpOffice\PhpSpreadsheet\Writer\Xlsx->save('/files/21616127...')
#1 C:\Users\User\Documents\beru.ltplk.ru\stockXLSParse.php(37): processFile('21616127-catalo...')
#2 {main}
  thrown in C:\Users\User\Documents\beru.ltplk.ru\vendor\phpoffice\phpspreadsheet\src\PhpSpreadsheet\Writer\Xlsx.php on line 410
[27-Mar-2020 12:47:33 UTC] PHP Fatal error:  Uncaught PhpOffice\PhpSpreadsheet\Writer\Exception: File zip://C:\Users\User\Documents\beru.ltplk.ru\files\21616127-catalog-25-03-2020_с рекомдациями.xlsm#xl/media/image1.png does not exist in C:\Users\User\Documents\beru.ltplk.ru\vendor\phpoffice\phpspreadsheet\src\PhpSpreadsheet\Writer\Xlsx\ContentTypes.php:203
Stack trace:
#0 C:\Users\User\Documents\beru.ltplk.ru\vendor\phpoffice\phpspreadsheet\src\PhpSpreadsheet\Writer\Xlsx\ContentTypes.php(129): PhpOffice\PhpSpreadsheet\Writer\Xlsx\ContentTypes->getImageMimeType('zip://C:\\Users\\...')
#1 C:\Users\User\Documents\beru.ltplk.ru\vendor\phpoffice\phpspreadsheet\src\PhpSpreadsheet\Writer\Xlsx.php(223): PhpOffice\PhpSpreadsheet\Writer\Xlsx\ContentTypes->writeContentTypes(Object(PhpOffice\PhpSpreadsheet\Spreadsheet), false)
#2 C:\Users\User\Documents\beru.ltplk.ru\stockXLSParse.php(107): PhpOffice\PhpSpreadsheet\Writer\Xlsx->save('./files/2161612...')
#3 C:\Users\User\Documents\beru.ltplk.ru\stockXLSParse.php(37): processFile('21616127-catalo...')
 in C:\Users\User\Documents\beru.ltplk.ru\vendor\phpoffice\phpspreadsheet\src\PhpSpreadsheet\Writer\Xlsx\ContentTypes.php on line 203
[27-Mar-2020 12:48:26 UTC] PHP Fatal error:  Uncaught PhpOffice\PhpSpreadsheet\Writer\Exception: File zip://C:\Users\User\Documents\beru.ltplk.ru\files\21616127-catalog-25-03-2020_с рекомдациями.xlsm#xl/media/image1.png does not exist in C:\Users\User\Documents\beru.ltplk.ru\vendor\phpoffice\phpspreadsheet\src\PhpSpreadsheet\Writer\Xlsx\ContentTypes.php:203
Stack trace:
#0 C:\Users\User\Documents\beru.ltplk.ru\vendor\phpoffice\phpspreadsheet\src\PhpSpreadsheet\Writer\Xlsx\ContentTypes.php(129): PhpOffice\PhpSpreadsheet\Writer\Xlsx\ContentTypes->getImageMimeType('zip://C:\\Users\\...')
#1 C:\Users\User\Documents\beru.ltplk.ru\vendor\phpoffice\phpspreadsheet\src\PhpSpreadsheet\Writer\Xlsx.php(223): PhpOffice\PhpSpreadsheet\Writer\Xlsx\ContentTypes->writeContentTypes(Object(PhpOffice\PhpSpreadsheet\Spreadsheet), false)
#2 C:\Users\User\Documents\beru.ltplk.ru\stockXLSParse.php(107): PhpOffice\PhpSpreadsheet\Writer\Xlsx->save('files/21616127-...')
#3 C:\Users\User\Documents\beru.ltplk.ru\stockXLSParse.php(37): processFile('21616127-catalo...')
 in C:\Users\User\Documents\beru.ltplk.ru\vendor\phpoffice\phpspreadsheet\src\PhpSpreadsheet\Writer\Xlsx\ContentTypes.php on line 203
